\BOOKMARK [1][-]{section.1}{设计指标}{}% 1
\BOOKMARK [2][-]{subsection.1.1}{设计目标}{section.1}% 2
\BOOKMARK [2][-]{subsection.1.2}{输入}{section.1}% 3
\BOOKMARK [2][-]{subsection.1.3}{输出}{section.1}% 4
\BOOKMARK [2][-]{subsection.1.4}{要求}{section.1}% 5
\BOOKMARK [2][-]{subsection.1.5}{总模块框图}{section.1}% 6
\BOOKMARK [1][-]{section.2}{算法}{}% 7
\BOOKMARK [2][-]{subsection.2.1}{欧几里得算法}{section.2}% 8
\BOOKMARK [3][-]{subsubsection.2.1.1}{算法概述}{subsection.2.1}% 9
\BOOKMARK [3][-]{subsubsection.2.1.2}{公式表述}{subsection.2.1}% 10
\BOOKMARK [3][-]{subsubsection.2.1.3}{代码表述}{subsection.2.1}% 11
\BOOKMARK [2][-]{subsection.2.2}{stein算法}{section.2}% 12
\BOOKMARK [3][-]{subsubsection.2.2.1}{stein算法流程}{subsection.2.2}% 13
\BOOKMARK [3][-]{subsubsection.2.2.2}{stein算法代码}{subsection.2.2}% 14
\BOOKMARK [2][-]{subsection.2.3}{改进的stein算法}{section.2}% 15
\BOOKMARK [3][-]{subsubsection.2.3.1}{gcd和stein算法分析}{subsection.2.3}% 16
\BOOKMARK [3][-]{subsubsection.2.3.2}{改进的stein算法}{subsection.2.3}% 17
\BOOKMARK [1][-]{section.3}{高性能设计}{}% 18
\BOOKMARK [2][-]{subsection.3.1}{设计综述}{section.3}% 19
\BOOKMARK [2][-]{subsection.3.2}{RTL电路设计}{section.3}% 20
\BOOKMARK [3][-]{subsubsection.3.2.1}{数据输入模块}{subsection.3.2}% 21
\BOOKMARK [3][-]{subsubsection.3.2.2}{流水线计算模块}{subsection.3.2}% 22
\BOOKMARK [3][-]{subsubsection.3.2.3}{数据输出模块}{subsection.3.2}% 23
\BOOKMARK [2][-]{subsection.3.3}{功能验证}{section.3}% 24
\BOOKMARK [2][-]{subsection.3.4}{Vivado综合，功耗、资源占用与时序分析}{section.3}% 25
\BOOKMARK [2][-]{subsection.3.5}{基于SoC的验证平台}{section.3}% 26
\BOOKMARK [3][-]{subsubsection.3.5.1}{SoC验证代码}{subsection.3.5}% 27
\BOOKMARK [1][-]{section.4}{低功耗设计}{}% 28
\BOOKMARK [2][-]{subsection.4.1}{设计综述}{section.4}% 29
\BOOKMARK [2][-]{subsection.4.2}{状态机设计}{section.4}% 30
\BOOKMARK [2][-]{subsection.4.3}{两种低功耗设计}{section.4}% 31
\BOOKMARK [2][-]{subsection.4.4}{resgister\040case}{section.4}% 32
\BOOKMARK [3][-]{subsubsection.4.4.1}{比较与交换数据模块}{subsection.4.4}% 33
\BOOKMARK [3][-]{subsubsection.4.4.2}{对齐模块}{subsection.4.4}% 34
\BOOKMARK [3][-]{subsubsection.4.4.3}{减法求绝对值模块}{subsection.4.4}% 35
\BOOKMARK [2][-]{subsection.4.5}{logic case设计}{section.4}% 36
\BOOKMARK [2][-]{subsection.4.6}{功能验证}{section.4}% 37
\BOOKMARK [2][-]{subsection.4.7}{DC综合，功耗，面积与时序分析}{section.4}% 38
\BOOKMARK [2][-]{subsection.4.8}{能效比分析}{section.4}% 39
\BOOKMARK [1][-]{section.5}{总结}{}% 40
\BOOKMARK [1][-]{section.6}{附录}{}% 41
