                         Chronologic VCS (TM)
       Version G-2012.09-SP1_Full64 -- Mon Oct 16 16:42:10 2017
               Copyright (c) 1991-2012 by Synopsys Inc.
                         ALL RIGHTS RESERVED

This program is proprietary and confidential information of Synopsys Inc.
and may be used and disclosed only as authorized in a license agreement
controlling such use and disclosure.

Parsing design file './rtl/gcd_input.v'
Parsing design file './rtl/gcd_output.v'
Parsing design file './rtl/gcd_plc.v'
Parsing design file './rtl/gcd_top.v'
Parsing design file './testbench/testbench.sv'
Top Level Modules:
       testbench
TimeScale is 1 ns / 1 ps
Starting vcs inline pass...
3 modules and 0 UDP read.
	However, due to incremental compilation, only 1 module needs to be compiled.
recompiling module testbench because:
	This module or some inlined child module(s) has/have been modified.
make[1]: Entering directory `/net/dellr720b/export3/training/Bizhang_IC/DSP/High-performance-simulation/csrc'
gcc  -w  -pipe -O -I/apps/EDAs/synopsys/vcs_ov/include    -fPIC -c -o 8buD_1_0x2aB.o 8buD_1_0x2aB.c
ld -r -o pre_vcsobj_1_1.o --whole-archive pre_vcsobj_1_1.a --no-whole-archive
if [ -x ../simv ]; then chmod -x ../simv; fi
g++  -o ../simv    -Wl,-whole-archive    -Wl,-no-whole-archive  gcd.o  _vcsobj_1_1.o  5NrI_d.o 5NrIB_d.o SIM_l.o   8buD_1_0x2aB.o pre_vcsobj_1_1.o  rmapats_mop.o rmapats.o       /apps/EDAs/synopsys/vcs_ov/amd64/lib/libnplex_stub.so /apps/EDAs/synopsys/vcs_ov/amd64/lib/libvirsim.so /apps/EDAs/synopsys/vcs_ov/amd64/lib/liberrorinf.so /apps/EDAs/synopsys/vcs_ov/amd64/lib/libsnpsmalloc.so     /apps/EDAs/synopsys/vcs_ov/amd64/lib/libvcsnew.so /apps/EDAs/synopsys/vcs_ov/amd64/lib/libuclinative.so        ./../simv.daidir/vc_hdrs.o   /apps/EDAs/synopsys/vcs_ov/amd64/lib/vcs_save_restore_new.o -ldl -lm  -lc -lpthread -ldl 
../simv up to date
make[1]: Leaving directory `/net/dellr720b/export3/training/Bizhang_IC/DSP/High-performance-simulation/csrc'
CPU time: .249 seconds to compile + .017 seconds to elab + .218 seconds to link
