# Preference setting overrides
gui_create_pref_key -category {Globals} -key {load_detail_for_funcov} -value_type {bool} -value {false}

# State setting overrides
gui_state_default_create -off -ini
gui_set_state_value -category Globals -key recent_databases -value {{gui_open_db -file inter.vpd}}
gui_set_state_value -category Layout -key child_console_size_x -value 1919
gui_set_state_value -category Layout -key child_console_size_y -value 171
gui_set_state_value -category Layout -key child_data_coltype -value 79
gui_set_state_value -category Layout -key child_data_colvalue -value 114
gui_set_state_value -category Layout -key child_data_colvariable -value 178
gui_set_state_value -category Layout -key child_data_size_x -value 374
gui_set_state_value -category Layout -key child_data_size_y -value 728
gui_set_state_value -category Layout -key child_hier_col3 -value {-1}
gui_set_state_value -category Layout -key child_hier_colhier -value 191
gui_set_state_value -category Layout -key child_hier_colpd -value 0
gui_set_state_value -category Layout -key child_hier_coltype -value 105
gui_set_state_value -category Layout -key child_hier_size_x -value 298
gui_set_state_value -category Layout -key child_hier_size_y -value 728
gui_set_state_value -category Layout -key child_source_docknewline -value false
gui_set_state_value -category Layout -key child_source_pos_x -value {-2}
gui_set_state_value -category Layout -key child_source_pos_y -value {-15}
gui_set_state_value -category Layout -key child_source_size_x -value 1250
gui_set_state_value -category Layout -key child_source_size_y -value 723
gui_set_state_value -category Layout -key child_wave_colname -value 276
gui_set_state_value -category Layout -key child_wave_colvalue -value 276
gui_set_state_value -category Layout -key child_wave_left -value 557
gui_set_state_value -category Layout -key child_wave_right -value 1357
gui_set_state_value -category Layout -key main_pos_x -value 0
gui_set_state_value -category Layout -key main_pos_y -value 48
gui_set_state_value -category Layout -key main_size_x -value 1919
gui_set_state_value -category Layout -key main_size_y -value 1054
gui_set_state_value -category Layout -key stand_wave_child_docknewline -value false
gui_set_state_value -category Layout -key stand_wave_child_pos_x -value {-2}
gui_set_state_value -category Layout -key stand_wave_child_pos_y -value {-15}
gui_set_state_value -category Layout -key stand_wave_child_size_x -value 1924
gui_set_state_value -category Layout -key stand_wave_child_size_y -value 894
gui_set_state_value -category Layout -key stand_wave_top_pos_x -value {-17}
gui_set_state_value -category Layout -key stand_wave_top_pos_y -value 162
gui_set_state_value -category Layout -key stand_wave_top_size_x -value 1902
gui_set_state_value -category Layout -key stand_wave_top_size_y -value 1168
gui_create_state_key -category FindDialog -key m_pMatchCase -value_type bool -value false
gui_create_state_key -category FindDialog -key m_pMatchWord -value_type bool -value false
gui_create_state_key -category FindDialog -key m_pUseCombo -value_type string -value {}
gui_create_state_key -category FindDialog -key m_pWrapAround -value_type bool -value true
gui_state_default_create -off

# Begin command logging
gui_open_db   -file  inter.vpd
gui_list_expand -id  Hier.1   testbench
gui_list_select -id Hier.1 -current_item_name {testbench.unnamed$$_5} -current_item_type Scope  -selected  { {testbench.unnamed$$_5}   }
gui_list_select -id Hier.1 -current_item_name testbench.top_test_module -current_item_type Scope  -selected  { testbench.top_test_module   }
gui_open_window Wave
gui_list_add -id Wave.1 -from Hier.1 { testbench.top_test_module } -insertionbar
gui_wv_zoom_timerange -id  Wave.1 0 445
gui_zoom -window Wave.1 -full
gui_zoom -window Wave.1 -factor 2
gui_zoom -window Wave.1 -factor 2
gui_zoom -window Wave.1 -factor 2
gui_zoom -window Wave.1 -factor 2
gui_zoom -window Wave.1 -factor 2
gui_zoom -window Wave.1 -factor 2
gui_zoom -window Wave.1 -factor 2
gui_zoom -window Wave.1 -factor 2
gui_zoom -window Wave.1 -factor 2
gui_zoom -window Wave.1 -factor 2
gui_zoom -window Wave.1 -factor 2
gui_zoom -window Wave.1 -factor 2
gui_zoom -window Wave.1 -factor 2
gui_list_select -id Wave.1 -selected  { {testbench.top_test_module.regopa[31:0]}   }
gui_list_set_selected_property -id Wave.1 -radix decimal
gui_list_select -id Wave.1 -selected  { {testbench.top_test_module.regopb[31:0]}   }
gui_list_set_selected_property -id Wave.1 -radix decimal
gui_zoom -window Wave.1 -factor 2
gui_scroll -window Wave.1 -hrel .2
gui_scroll -window Wave.1 -hrel .2
gui_scroll -window Wave.1 -hrel .2
gui_scroll -window Wave.1 -hrel .2
gui_close_window -window TopLevel.2
